[debug] [2024-02-24T01:07:02.332Z] ----------------------------------------------------------------------
[debug] [2024-02-24T01:07:02.335Z] Command:       C:\Program Files\nodejs\node.exe C:\Users\EndBalazs\AppData\Roaming\npm\node_modules\firebase-tools\lib\bin\firebase.js init
[debug] [2024-02-24T01:07:02.336Z] CLI Version:   13.3.1
[debug] [2024-02-24T01:07:02.337Z] Platform:      win32
[debug] [2024-02-24T01:07:02.337Z] Node Version:  v18.17.0
[debug] [2024-02-24T01:07:02.339Z] Time:          Sat Feb 24 2024 02:07:02 GMT+0100 (Central European Standard Time)
[debug] [2024-02-24T01:07:02.339Z] ----------------------------------------------------------------------
[debug] 
[debug] [2024-02-24T01:07:02.344Z] >>> [apiv2][query] GET https://firebase-public.firebaseio.com/cli.json [none]
[debug] [2024-02-24T01:07:02.465Z] > command requires scopes: ["email","openid","https://www.googleapis.com/auth/cloudplatformprojects.readonly","https://www.googleapis.com/auth/firebase","https://www.googleapis.com/auth/cloud-platform"]
[debug] [2024-02-24T01:07:02.466Z] > authorizing via signed-in user (balazsvegh0@gmail.com)
[info] 
     ######## #### ########  ######## ########     ###     ######  ########
     ##        ##  ##     ## ##       ##     ##  ##   ##  ##       ##
     ######    ##  ########  ######   ########  #########  ######  ######
     ##        ##  ##    ##  ##       ##     ## ##     ##       ## ##
     ##       #### ##     ## ######## ########  ##     ##  ######  ########

You're about to initialize a Firebase project in this directory:

  D:\GYAKORLAS-PROJEKTEK\Webshop\webshop-01

[debug] [2024-02-24T01:07:02.918Z] <<< [apiv2][status] GET https://firebase-public.firebaseio.com/cli.json 200
[debug] [2024-02-24T01:07:02.919Z] <<< [apiv2][body] GET https://firebase-public.firebaseio.com/cli.json {"cloudBuildErrorAfter":1594252800000,"cloudBuildWarnAfter":1590019200000,"defaultNode10After":1594252800000,"minVersion":"3.0.5","node8DeploysDisabledAfter":1613390400000,"node8RuntimeDisabledAfter":1615809600000,"node8WarnAfter":1600128000000}
[info] 
=== Project Setup
[info] 
[info] First, let's associate this project directory with a Firebase project.
[info] You can create multiple project aliases by running firebase use --add, 
[info] but for now we'll just set up a default project.
[info] 
[debug] [2024-02-24T01:08:06.425Z] > refreshing access token with scopes: []
[debug] [2024-02-24T01:08:06.426Z] >>> [apiv2][query] POST https://www.googleapis.com/oauth2/v3/token [none]
[debug] [2024-02-24T01:08:06.426Z] >>> [apiv2][body] POST https://www.googleapis.com/oauth2/v3/token [omitted]
[debug] [2024-02-24T01:08:06.578Z] <<< [apiv2][status] POST https://www.googleapis.com/oauth2/v3/token 200
[debug] [2024-02-24T01:08:06.578Z] <<< [apiv2][body] POST https://www.googleapis.com/oauth2/v3/token [omitted]
[debug] [2024-02-24T01:08:06.602Z] >>> [apiv2][query] GET https://firebase.googleapis.com/v1beta1/projects pageSize=100
[debug] [2024-02-24T01:08:07.215Z] <<< [apiv2][status] GET https://firebase.googleapis.com/v1beta1/projects 200
[debug] [2024-02-24T01:08:07.215Z] <<< [apiv2][body] GET https://firebase.googleapis.com/v1beta1/projects [omitted]
[info] i  Using project webshop-61ea0 (Webshop) 
[info] 
=== Database Setup
[info] i  database: ensuring required API firebasedatabase.googleapis.com is enabled... 
[debug] [2024-02-24T01:08:11.324Z] >>> [apiv2][query] GET https://serviceusage.googleapis.com/v1/projects/webshop-61ea0/services/firebasedatabase.googleapis.com [none]
[debug] [2024-02-24T01:08:11.324Z] >>> [apiv2][(partial)header] GET https://serviceusage.googleapis.com/v1/projects/webshop-61ea0/services/firebasedatabase.googleapis.com x-goog-quota-user=projects/webshop-61ea0
[debug] [2024-02-24T01:08:12.439Z] <<< [apiv2][status] GET https://serviceusage.googleapis.com/v1/projects/webshop-61ea0/services/firebasedatabase.googleapis.com 200
[debug] [2024-02-24T01:08:12.440Z] <<< [apiv2][body] GET https://serviceusage.googleapis.com/v1/projects/webshop-61ea0/services/firebasedatabase.googleapis.com [omitted]
[warn] !  database: missing required API firebasedatabase.googleapis.com. Enabling now... 
[debug] [2024-02-24T01:08:12.442Z] >>> [apiv2][query] POST https://serviceusage.googleapis.com/v1/projects/webshop-61ea0/services/firebasedatabase.googleapis.com:enable [none]
[debug] [2024-02-24T01:08:12.443Z] >>> [apiv2][(partial)header] POST https://serviceusage.googleapis.com/v1/projects/webshop-61ea0/services/firebasedatabase.googleapis.com:enable x-goog-quota-user=projects/webshop-61ea0
[debug] [2024-02-24T01:08:13.976Z] <<< [apiv2][status] POST https://serviceusage.googleapis.com/v1/projects/webshop-61ea0/services/firebasedatabase.googleapis.com:enable 200
[debug] [2024-02-24T01:08:13.976Z] <<< [apiv2][body] POST https://serviceusage.googleapis.com/v1/projects/webshop-61ea0/services/firebasedatabase.googleapis.com:enable [omitted]
[debug] [2024-02-24T01:08:23.984Z] >>> [apiv2][query] GET https://serviceusage.googleapis.com/v1/projects/webshop-61ea0/services/firebasedatabase.googleapis.com [none]
[debug] [2024-02-24T01:08:23.985Z] >>> [apiv2][(partial)header] GET https://serviceusage.googleapis.com/v1/projects/webshop-61ea0/services/firebasedatabase.googleapis.com x-goog-quota-user=projects/webshop-61ea0
[debug] [2024-02-24T01:08:25.034Z] <<< [apiv2][status] GET https://serviceusage.googleapis.com/v1/projects/webshop-61ea0/services/firebasedatabase.googleapis.com 200
[debug] [2024-02-24T01:08:25.034Z] <<< [apiv2][body] GET https://serviceusage.googleapis.com/v1/projects/webshop-61ea0/services/firebasedatabase.googleapis.com [omitted]
[info] +  database: required API firebasedatabase.googleapis.com is enabled 
[info] 
[debug] [2024-02-24T01:08:25.039Z] >>> [apiv2][query] GET https://firebase.googleapis.com/v1beta1/projects/webshop-61ea0 [none]
[debug] [2024-02-24T01:08:25.342Z] <<< [apiv2][status] GET https://firebase.googleapis.com/v1beta1/projects/webshop-61ea0 200
[debug] [2024-02-24T01:08:25.342Z] <<< [apiv2][body] GET https://firebase.googleapis.com/v1beta1/projects/webshop-61ea0 {"projectId":"webshop-61ea0","projectNumber":"88329526774","displayName":"Webshop","name":"projects/webshop-61ea0","resources":{"hostingSite":"webshop-61ea0"},"state":"ACTIVE","etag":"1_3212c532-0d5f-483f-b99d-f37ae6f06296"}
[debug] [2024-02-24T01:08:34.824Z] >>> [apiv2][query] POST https://firebasedatabase.googleapis.com/v1beta/projects/webshop-61ea0/locations/europe-west1/instances databaseId=webshop-61ea0-default-rtdb&validateOnly=true
[debug] [2024-02-24T01:08:34.825Z] >>> [apiv2][body] POST https://firebasedatabase.googleapis.com/v1beta/projects/webshop-61ea0/locations/europe-west1/instances {"type":"default_database"}
[debug] [2024-02-24T01:08:35.991Z] <<< [apiv2][status] POST https://firebasedatabase.googleapis.com/v1beta/projects/webshop-61ea0/locations/europe-west1/instances 200
[debug] [2024-02-24T01:08:35.994Z] <<< [apiv2][body] POST https://firebasedatabase.googleapis.com/v1beta/projects/webshop-61ea0/locations/europe-west1/instances {"name":"projects/88329526774/locations/europe-west1/instances/webshop-61ea0-default-rtdb","project":"projects/88329526774","databaseUrl":"https://webshop-61ea0-default-rtdb.europe-west1.firebasedatabase.app","type":"DEFAULT_DATABASE","state":"ACTIVE"}
[debug] [2024-02-24T01:08:35.997Z] >>> [apiv2][query] POST https://firebasedatabase.googleapis.com/v1beta/projects/webshop-61ea0/locations/europe-west1/instances databaseId=webshop-61ea0-default-rtdb
[debug] [2024-02-24T01:08:35.997Z] >>> [apiv2][body] POST https://firebasedatabase.googleapis.com/v1beta/projects/webshop-61ea0/locations/europe-west1/instances {"type":"default_database"}
[debug] [2024-02-24T01:08:37.228Z] <<< [apiv2][status] POST https://firebasedatabase.googleapis.com/v1beta/projects/webshop-61ea0/locations/europe-west1/instances 200
[debug] [2024-02-24T01:08:37.229Z] <<< [apiv2][body] POST https://firebasedatabase.googleapis.com/v1beta/projects/webshop-61ea0/locations/europe-west1/instances {"name":"projects/88329526774/locations/europe-west1/instances/webshop-61ea0-default-rtdb","project":"projects/88329526774","databaseUrl":"https://webshop-61ea0-default-rtdb.europe-west1.firebasedatabase.app","type":"DEFAULT_DATABASE","state":"ACTIVE"}
[info] 
[info] Firebase Realtime Database Security Rules allow you to define how your data should be
[info] structured and when your data can be read from and written to.
[info] 
[debug] [2024-02-24T01:08:43.057Z] >>> [apiv2][query] GET https://webshop-61ea0-default-rtdb.europe-west1.firebasedatabase.app/.settings/rules.json [none]
[debug] [2024-02-24T01:08:44.281Z] <<< [apiv2][status] GET https://webshop-61ea0-default-rtdb.europe-west1.firebasedatabase.app/.settings/rules.json 200
[debug] [2024-02-24T01:08:44.282Z] <<< [apiv2][body] GET https://webshop-61ea0-default-rtdb.europe-west1.firebasedatabase.app/.settings/rules.json [stream]
[info] +  Database Rules for webshop-61ea0-default-rtdb have been written to database.rules.json. 
[info] Future modifications to database.rules.json will update Realtime Database Security Rules when you run
[info] firebase deploy.
[info] 
=== Firestore Setup
[debug] [2024-02-24T01:08:44.298Z] >>> [apiv2][query] GET https://serviceusage.googleapis.com/v1/projects/webshop-61ea0/services/firestore.googleapis.com [none]
[debug] [2024-02-24T01:08:44.299Z] >>> [apiv2][(partial)header] GET https://serviceusage.googleapis.com/v1/projects/webshop-61ea0/services/firestore.googleapis.com x-goog-quota-user=projects/webshop-61ea0
[debug] [2024-02-24T01:08:45.413Z] <<< [apiv2][status] GET https://serviceusage.googleapis.com/v1/projects/webshop-61ea0/services/firestore.googleapis.com 200
[debug] [2024-02-24T01:08:45.414Z] <<< [apiv2][body] GET https://serviceusage.googleapis.com/v1/projects/webshop-61ea0/services/firestore.googleapis.com [omitted]
[debug] [2024-02-24T01:08:45.415Z] >>> [apiv2][query] GET https://firestore.googleapis.com/v1/projects/webshop-61ea0/databases/(default) [none]
[debug] [2024-02-24T01:08:45.720Z] <<< [apiv2][status] GET https://firestore.googleapis.com/v1/projects/webshop-61ea0/databases/(default) 200
[debug] [2024-02-24T01:08:45.720Z] <<< [apiv2][body] GET https://firestore.googleapis.com/v1/projects/webshop-61ea0/databases/(default) {"name":"projects/webshop-61ea0/databases/(default)","uid":"2add996d-dd64-44c6-93a2-6b87823acc4c","createTime":"2024-02-24T00:58:40.800679Z","updateTime":"2024-02-24T00:58:40.800679Z","locationId":"eur3","type":"FIRESTORE_NATIVE","concurrencyMode":"PESSIMISTIC","versionRetentionPeriod":"3600s","earliestVersionTime":"2024-02-24T00:58:40.800679Z","appEngineIntegrationMode":"DISABLED","keyPrefix":"e","pointInTimeRecoveryEnablement":"POINT_IN_TIME_RECOVERY_DISABLED","deleteProtectionState":"DELETE_PROTECTION_DISABLED","etag":"IIGQ8oPlwoQDMKePquviwoQD"}
[debug] [2024-02-24T01:08:45.720Z] database_type: FIRESTORE_NATIVE
[debug] [2024-02-24T01:08:45.721Z] > command requires scopes: ["email","openid","https://www.googleapis.com/auth/cloudplatformprojects.readonly","https://www.googleapis.com/auth/firebase","https://www.googleapis.com/auth/cloud-platform"]
[debug] [2024-02-24T01:08:45.722Z] > authorizing via signed-in user (balazsvegh0@gmail.com)
[debug] [2024-02-24T01:08:45.722Z] [iam] checking project webshop-61ea0 for permissions ["firebase.projects.get"]
[debug] [2024-02-24T01:08:45.725Z] >>> [apiv2][query] POST https://cloudresourcemanager.googleapis.com/v1/projects/webshop-61ea0:testIamPermissions [none]
[debug] [2024-02-24T01:08:45.725Z] >>> [apiv2][(partial)header] POST https://cloudresourcemanager.googleapis.com/v1/projects/webshop-61ea0:testIamPermissions x-goog-quota-user=projects/webshop-61ea0
[debug] [2024-02-24T01:08:45.725Z] >>> [apiv2][body] POST https://cloudresourcemanager.googleapis.com/v1/projects/webshop-61ea0:testIamPermissions {"permissions":["firebase.projects.get"]}
[debug] [2024-02-24T01:08:46.640Z] <<< [apiv2][status] POST https://cloudresourcemanager.googleapis.com/v1/projects/webshop-61ea0:testIamPermissions 200
[debug] [2024-02-24T01:08:46.640Z] <<< [apiv2][body] POST https://cloudresourcemanager.googleapis.com/v1/projects/webshop-61ea0:testIamPermissions {"permissions":["firebase.projects.get"]}
[info] 
[info] Firestore Security Rules allow you to define how and when to allow
[info] requests. You can keep these rules in your project directory
[info] and publish them with firebase deploy.
[info] 
[debug] [2024-02-24T01:08:51.606Z] >>> [apiv2][query] GET https://firebaserules.googleapis.com/v1/projects/webshop-61ea0/releases pageSize=10&pageToken=
[debug] [2024-02-24T01:08:52.578Z] <<< [apiv2][status] GET https://firebaserules.googleapis.com/v1/projects/webshop-61ea0/releases 200
[debug] [2024-02-24T01:08:52.579Z] <<< [apiv2][body] GET https://firebaserules.googleapis.com/v1/projects/webshop-61ea0/releases {"releases":[{"name":"projects/webshop-61ea0/releases/cloud.firestore","rulesetName":"projects/webshop-61ea0/rulesets/15a27c9c-5150-42a8-bebe-fe0de62ac31e","createTime":"2024-02-24T00:58:48.504306Z","updateTime":"2024-02-24T00:58:48.504306Z"}]}
[debug] [2024-02-24T01:08:52.579Z] Found ruleset: projects/webshop-61ea0/rulesets/15a27c9c-5150-42a8-bebe-fe0de62ac31e
[debug] [2024-02-24T01:08:52.580Z] >>> [apiv2][query] GET https://firebaserules.googleapis.com/v1/projects/webshop-61ea0/rulesets/15a27c9c-5150-42a8-bebe-fe0de62ac31e [none]
[debug] [2024-02-24T01:08:53.504Z] <<< [apiv2][status] GET https://firebaserules.googleapis.com/v1/projects/webshop-61ea0/rulesets/15a27c9c-5150-42a8-bebe-fe0de62ac31e 200
[debug] [2024-02-24T01:08:53.504Z] <<< [apiv2][body] GET https://firebaserules.googleapis.com/v1/projects/webshop-61ea0/rulesets/15a27c9c-5150-42a8-bebe-fe0de62ac31e [omitted]
[info] 
[info] Firestore indexes allow you to perform complex queries while
[info] maintaining performance that scales with the size of the result
[info] set. You can keep index definitions in your project directory
[info] and publish them with firebase deploy.
[info] 
[debug] [2024-02-24T01:08:55.742Z] >>> [apiv2][query] GET https://firestore.googleapis.com/v1/projects/webshop-61ea0/databases/(default)/collectionGroups/-/indexes [none]
[debug] [2024-02-24T01:08:55.745Z] >>> [apiv2][query] GET https://firestore.googleapis.com/v1/projects/webshop-61ea0/databases/(default)/collectionGroups/-/fields?filter=indexConfig.usesAncestorConfig=false OR ttlConfig:* [none]
[debug] [2024-02-24T01:08:56.166Z] <<< [apiv2][status] GET https://firestore.googleapis.com/v1/projects/webshop-61ea0/databases/(default)/collectionGroups/-/indexes 200
[debug] [2024-02-24T01:08:56.166Z] <<< [apiv2][body] GET https://firestore.googleapis.com/v1/projects/webshop-61ea0/databases/(default)/collectionGroups/-/indexes {}
[debug] [2024-02-24T01:08:56.676Z] <<< [apiv2][status] GET https://firestore.googleapis.com/v1/projects/webshop-61ea0/databases/(default)/collectionGroups/-/fields?filter=indexConfig.usesAncestorConfig=false OR ttlConfig:* 200
[debug] [2024-02-24T01:08:56.676Z] <<< [apiv2][body] GET https://firestore.googleapis.com/v1/projects/webshop-61ea0/databases/(default)/collectionGroups/-/fields?filter=indexConfig.usesAncestorConfig=false OR ttlConfig:* {"fields":[{"name":"projects/webshop-61ea0/databases/(default)/collectionGroups/__default__/fields/*","indexConfig":{"indexes":[{"queryScope":"COLLECTION","fields":[{"fieldPath":"*","order":"ASCENDING"}],"state":"READY"},{"queryScope":"COLLECTION","fields":[{"fieldPath":"*","order":"DESCENDING"}],"state":"READY"},{"queryScope":"COLLECTION","fields":[{"fieldPath":"*","arrayConfig":"CONTAINS"}],"state":"READY"}]}}]}
[info] 
=== Hosting Setup
[debug] [2024-02-24T01:08:56.688Z] >>> [apiv2][query] GET https://firebase.googleapis.com/v1beta1/projects/webshop-61ea0 [none]
[debug] [2024-02-24T01:08:57.087Z] <<< [apiv2][status] GET https://firebase.googleapis.com/v1beta1/projects/webshop-61ea0 200
[debug] [2024-02-24T01:08:57.087Z] <<< [apiv2][body] GET https://firebase.googleapis.com/v1beta1/projects/webshop-61ea0 {"projectId":"webshop-61ea0","projectNumber":"88329526774","displayName":"Webshop","name":"projects/webshop-61ea0","resources":{"hostingSite":"webshop-61ea0","realtimeDatabaseInstance":"webshop-61ea0-default-rtdb"},"state":"ACTIVE","etag":"1_3212c532-0d5f-483f-b99d-f37ae6f06296"}
[info] 
[info] Your public directory is the folder (relative to your project directory) that
[info] will contain Hosting assets to be uploaded with firebase deploy. If you
[info] have a build process for your assets, use your build's output directory.
[info] 
[debug] [2024-02-24T01:09:23.687Z] >>> [apiv2][query] GET https://www.gstatic.com/firebasejs/releases.json [none]
[debug] [2024-02-24T01:09:23.790Z] <<< [apiv2][status] GET https://www.gstatic.com/firebasejs/releases.json 200
[debug] [2024-02-24T01:09:23.790Z] <<< [apiv2][body] GET https://www.gstatic.com/firebasejs/releases.json {"current":{"version":"10.8.0","browserURL":"https://www.gstatic.com/firebasejs/10.8.0/firebase.js","packageURL":"https://www.gstatic.com/firebasejs/10.8.0/firebase.tgz"},"live":{"version":"10.8","browserURL":"https://www.gstatic.com/firebasejs/live/10.8/firebase.js","packageURL":"https://www.gstatic.com/firebasejs/live/10.8/firebase.tgz"},"components":{"analytics":"https://www.gstatic.com/firebasejs/10.8.0/firebase-analytics.js","app":"https://www.gstatic.com/firebasejs/10.8.0/firebase-app.js","app-check":"https://www.gstatic.com/firebasejs/10.8.0/firebase-app-check.js","auth":"https://www.gstatic.com/firebasejs/10.8.0/firebase-auth.js","auth/cordova":"https://www.gstatic.com/firebasejs/10.8.0/firebase-auth/cordova.js","auth/web-extension":"https://www.gstatic.com/firebasejs/10.8.0/firebase-auth/web-extension.js","functions":"https://www.gstatic.com/firebasejs/10.8.0/firebase-functions.js","firestore":"https://www.gstatic.com/firebasejs/10.8.0/firebase-firestore.js","firestore/lite":"https://www.gstatic.com/firebasejs/10.8.0/firebase-firestore/lite.js","installations":"https://www.gstatic.com/firebasejs/10.8.0/firebase-installations.js","storage":"https://www.gstatic.com/firebasejs/10.8.0/firebase-storage.js","performance":"https://www.gstatic.com/firebasejs/10.8.0/firebase-performance.js","remote-config":"https://www.gstatic.com/firebasejs/10.8.0/firebase-remote-config.js","messaging":"https://www.gstatic.com/firebasejs/10.8.0/firebase-messaging.js","messaging/sw":"https://www.gstatic.com/firebasejs/10.8.0/firebase-messaging/sw.js","database":"https://www.gstatic.com/firebasejs/10.8.0/firebase-database.js","firestore.memory":"https://www.gstatic.com/firebasejs/10.8.0/firebase-firestore.memory.js"}}
[info] +  Wrote public/index.html 
[info] 
[info] i  Detected a .git folder at D:\GYAKORLAS-PROJEKTEK\Webshop\webshop-01 
[info] i  Authorizing with GitHub to upload your service account to a GitHub repository's secrets store. 
[info] 
[info] Visit this URL on this device to log in:
[info] https://github.com/login/oauth/authorize?client_id=89cf50f02ac6aaed3484&state=567656701&redirect_uri=http%3A%2F%2Flocalhost%3A9005&scope=read%3Auser%20repo%20public_repo
[info] 
[info] Waiting for authentication...
[debug] [2024-02-24T01:09:54.877Z] >>> [apiv2][query] POST https://github.com/login/oauth/access_token [none]
[debug] [2024-02-24T01:09:54.877Z] >>> [apiv2][body] POST https://github.com/login/oauth/access_token [stream]
[debug] [2024-02-24T01:09:55.451Z] <<< [apiv2][status] POST https://github.com/login/oauth/access_token 200
[debug] [2024-02-24T01:09:55.451Z] <<< [apiv2][body] POST https://github.com/login/oauth/access_token {"access_token":"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","token_type":"bearer","scope":"read:user,repo"}
[debug] [2024-02-24T01:09:55.463Z] >>> [apiv2][query] GET https://api.github.com/user [none]
[debug] [2024-02-24T01:09:55.966Z] <<< [apiv2][status] GET https://api.github.com/user 200
[debug] [2024-02-24T01:09:55.966Z] <<< [apiv2][body] GET https://api.github.com/user {"login":"balazsvegh0","id":32847370,"node_id":"MDQ6VXNlcjMyODQ3Mzcw","avatar_url":"https://avatars.githubusercontent.com/u/32847370?v=4","gravatar_id":"","url":"https://api.github.com/users/balazsvegh0","html_url":"https://github.com/balazsvegh0","followers_url":"https://api.github.com/users/balazsvegh0/followers","following_url":"https://api.github.com/users/balazsvegh0/following{/other_user}","gists_url":"https://api.github.com/users/balazsvegh0/gists{/gist_id}","starred_url":"https://api.github.com/users/balazsvegh0/starred{/owner}{/repo}","subscriptions_url":"https://api.github.com/users/balazsvegh0/subscriptions","organizations_url":"https://api.github.com/users/balazsvegh0/orgs","repos_url":"https://api.github.com/users/balazsvegh0/repos","events_url":"https://api.github.com/users/balazsvegh0/events{/privacy}","received_events_url":"https://api.github.com/users/balazsvegh0/received_events","type":"User","site_admin":false,"name":"Balazsvegh","company":null,"blog":"","location":"Hungary","email":null,"hireable":null,"bio":null,"twitter_username":null,"public_repos":11,"public_gists":0,"followers":7,"following":14,"created_at":"2017-10-16T16:32:02Z","updated_at":"2024-02-16T16:38:58Z","private_gists":0,"total_private_repos":2,"owned_private_repos":2,"disk_usage":37755,"collaborators":0,"two_factor_authentication":false,"plan":{"name":"free","space":976562499,"collaborators":0,"private_repos":10000}}
[info] 
[info] +  Success! Logged into GitHub as balazsvegh0 
[info] 
[debug] [2024-02-24T01:10:14.095Z] >>> [apiv2][query] GET https://api.github.com/repos//actions/secrets/public-key type=owner
[debug] [2024-02-24T01:10:14.399Z] <<< [apiv2][status] GET https://api.github.com/repos//actions/secrets/public-key 404
[debug] [2024-02-24T01:10:14.400Z] <<< [apiv2][body] GET https://api.github.com/repos//actions/secrets/public-key {"message":"Not Found","documentation_url":"https://docs.github.com/rest"}
[info] 
[info] 
[error] !  The provided authorization cannot be used with this repository. If this repository is in an organization, did you remember to grant access? 
[info] 
[info] i  Action required: Visit this URL to ensure access has been granted to the appropriate organization(s) for the Firebase CLI GitHub OAuth App: 
[info] https://github.com/settings/connections/applications/89cf50f02ac6aaed3484
[info] 
[debug] [2024-02-24T01:10:35.611Z] >>> [apiv2][query] GET https://api.github.com/repos/balazsvegh0/webshop01/actions/secrets/public-key type=owner
[debug] [2024-02-24T01:10:35.900Z] <<< [apiv2][status] GET https://api.github.com/repos/balazsvegh0/webshop01/actions/secrets/public-key 404
[debug] [2024-02-24T01:10:35.900Z] <<< [apiv2][body] GET https://api.github.com/repos/balazsvegh0/webshop01/actions/secrets/public-key {"message":"Not Found","documentation_url":"https://docs.github.com/rest/actions/secrets#get-a-repository-public-key"}
[info] 
[info] 
[error] !  The provided authorization cannot be used with this repository. If this repository is in an organization, did you remember to grant access? 
[info] 
[info] i  Action required: Visit this URL to ensure access has been granted to the appropriate organization(s) for the Firebase CLI GitHub OAuth App: 
[info] https://github.com/settings/connections/applications/89cf50f02ac6aaed3484
[info] 
